Determining if the pthread_create exist failed with the following output:
Change Dir: /home/admin-bai/Downloads/blender_shapenet_render/build/CMakeFiles/CMakeTmp

Run Build Command:"/usr/bin/make" "cmTC_663e1/fast"
/usr/bin/make -f CMakeFiles/cmTC_663e1.dir/build.make CMakeFiles/cmTC_663e1.dir/build
make[1]: Entering directory '/home/admin-bai/Downloads/blender_shapenet_render/build/CMakeFiles/CMakeTmp'
Building C object CMakeFiles/cmTC_663e1.dir/CheckSymbolExists.c.o
/usr/bin/cc    -fPIC    -o CMakeFiles/cmTC_663e1.dir/CheckSymbolExists.c.o   -c /home/admin-bai/Downloads/blender_shapenet_render/build/CMakeFiles/CMakeTmp/CheckSymbolExists.c
Linking C executable cmTC_663e1
/usr/bin/cmake -E cmake_link_script CMakeFiles/cmTC_663e1.dir/link.txt --verbose=1
/usr/bin/cc  -fPIC     CMakeFiles/cmTC_663e1.dir/CheckSymbolExists.c.o  -o cmTC_663e1 -rdynamic 
CMakeFiles/cmTC_663e1.dir/CheckSymbolExists.c.o: In function `main':
CheckSymbolExists.c:(.text+0x1b): undefined reference to `pthread_create'
collect2: error: ld returned 1 exit status
CMakeFiles/cmTC_663e1.dir/build.make:97: recipe for target 'cmTC_663e1' failed
make[1]: *** [cmTC_663e1] Error 1
make[1]: Leaving directory '/home/admin-bai/Downloads/blender_shapenet_render/build/CMakeFiles/CMakeTmp'
Makefile:126: recipe for target 'cmTC_663e1/fast' failed
make: *** [cmTC_663e1/fast] Error 2

File /home/admin-bai/Downloads/blender_shapenet_render/build/CMakeFiles/CMakeTmp/CheckSymbolExists.c:
/* */
#include <pthread.h>

int main(int argc, char** argv)
{
  (void)argv;
#ifndef pthread_create
  return ((int*)(&pthread_create))[argc];
#else
  (void)argc;
  return 0;
#endif
}

Determining if the function pthread_create exists in the pthreads failed with the following output:
Change Dir: /home/admin-bai/Downloads/blender_shapenet_render/build/CMakeFiles/CMakeTmp

Run Build Command:"/usr/bin/make" "cmTC_dbd2a/fast"
/usr/bin/make -f CMakeFiles/cmTC_dbd2a.dir/build.make CMakeFiles/cmTC_dbd2a.dir/build
make[1]: Entering directory '/home/admin-bai/Downloads/blender_shapenet_render/build/CMakeFiles/CMakeTmp'
Building C object CMakeFiles/cmTC_dbd2a.dir/CheckFunctionExists.c.o
/usr/bin/cc    -fPIC -DCHECK_FUNCTION_EXISTS=pthread_create   -o CMakeFiles/cmTC_dbd2a.dir/CheckFunctionExists.c.o   -c /usr/share/cmake-3.5/Modules/CheckFunctionExists.c
Linking C executable cmTC_dbd2a
/usr/bin/cmake -E cmake_link_script CMakeFiles/cmTC_dbd2a.dir/link.txt --verbose=1
/usr/bin/cc  -fPIC -DCHECK_FUNCTION_EXISTS=pthread_create    CMakeFiles/cmTC_dbd2a.dir/CheckFunctionExists.c.o  -o cmTC_dbd2a -rdynamic -lpthreads 
/usr/bin/ld: cannot find -lpthreads
collect2: error: ld returned 1 exit status
CMakeFiles/cmTC_dbd2a.dir/build.make:97: recipe for target 'cmTC_dbd2a' failed
make[1]: *** [cmTC_dbd2a] Error 1
make[1]: Leaving directory '/home/admin-bai/Downloads/blender_shapenet_render/build/CMakeFiles/CMakeTmp'
Makefile:126: recipe for target 'cmTC_dbd2a/fast' failed
make: *** [cmTC_dbd2a/fast] Error 2


